SalesPersonID CommissionPct         Commission Band
------------- --------------------- ---------------
274           0.00                  band 0
285           0.00                  band 0
287           0.00                  band 0
278           0.01                  band 1
279           0.01                  band 1
280           0.01                  band 1
281           0.01                  band 1
275           0.012                 band 2
283           0.012                 band 2
276           0.015                 band 2
277           0.015                 band 2
282           0.015                 band 2
290           0.016                 band 3
288           0.018                 band 3
286           0.018                 band 3
284           0.019                 band 3
289           0.02                  band 3

(17 rows affected)


Completion time: 2021-08-02T19:52:34.3878164+05:30
